Determining if the pthread_create exist failed with the following output:
Change Dir: /home/houssem/projet/salman/build/CMakeFiles/CMakeTmp

Run Build Command(s):/usr/bin/make cmTC_8e26a/fast 
/usr/bin/make -f CMakeFiles/cmTC_8e26a.dir/build.make CMakeFiles/cmTC_8e26a.dir/build
make[1] : on entre dans le répertoire « /home/houssem/projet/salman/build/CMakeFiles/CMakeTmp »
Building C object CMakeFiles/cmTC_8e26a.dir/CheckSymbolExists.c.o
/usr/bin/cc    -o CMakeFiles/cmTC_8e26a.dir/CheckSymbolExists.c.o   -c /home/houssem/projet/salman/build/CMakeFiles/CMakeTmp/CheckSymbolExists.c
Linking C executable cmTC_8e26a
/usr/local/bin/cmake -E cmake_link_script CMakeFiles/cmTC_8e26a.dir/link.txt --verbose=1
/usr/bin/cc      -rdynamic CMakeFiles/cmTC_8e26a.dir/CheckSymbolExists.c.o  -o cmTC_8e26a 
CMakeFiles/cmTC_8e26a.dir/CheckSymbolExists.c.o : Dans la fonction « main » :
CheckSymbolExists.c:(.text+0x16) : référence indéfinie vers « pthread_create »
collect2: error: ld returned 1 exit status
CMakeFiles/cmTC_8e26a.dir/build.make:86 : la recette pour la cible « cmTC_8e26a » a échouée
make[1]: *** [cmTC_8e26a] Erreur 1
make[1] : on quitte le répertoire « /home/houssem/projet/salman/build/CMakeFiles/CMakeTmp »
Makefile:121 : la recette pour la cible « cmTC_8e26a/fast » a échouée
make: *** [cmTC_8e26a/fast] Erreur 2

File /home/houssem/projet/salman/build/CMakeFiles/CMakeTmp/CheckSymbolExists.c:
/* */
#include <pthread.h>

int main(int argc, char** argv)
{
  (void)argv;
#ifndef pthread_create
  return ((int*)(&pthread_create))[argc];
#else
  (void)argc;
  return 0;
#endif
}

Determining if the function pthread_create exists in the pthreads failed with the following output:
Change Dir: /home/houssem/projet/salman/build/CMakeFiles/CMakeTmp

Run Build Command(s):/usr/bin/make cmTC_15fcc/fast 
/usr/bin/make -f CMakeFiles/cmTC_15fcc.dir/build.make CMakeFiles/cmTC_15fcc.dir/build
make[1] : on entre dans le répertoire « /home/houssem/projet/salman/build/CMakeFiles/CMakeTmp »
Building C object CMakeFiles/cmTC_15fcc.dir/CheckFunctionExists.c.o
/usr/bin/cc   -DCHECK_FUNCTION_EXISTS=pthread_create   -o CMakeFiles/cmTC_15fcc.dir/CheckFunctionExists.c.o   -c /usr/local/share/cmake-3.14/Modules/CheckFunctionExists.c
Linking C executable cmTC_15fcc
/usr/local/bin/cmake -E cmake_link_script CMakeFiles/cmTC_15fcc.dir/link.txt --verbose=1
/usr/bin/cc  -DCHECK_FUNCTION_EXISTS=pthread_create    -rdynamic CMakeFiles/cmTC_15fcc.dir/CheckFunctionExists.c.o  -o cmTC_15fcc -lpthreads 
/usr/bin/ld : ne peut trouver -lpthreads
collect2: error: ld returned 1 exit status
CMakeFiles/cmTC_15fcc.dir/build.make:86 : la recette pour la cible « cmTC_15fcc » a échouée
make[1]: *** [cmTC_15fcc] Erreur 1
make[1] : on quitte le répertoire « /home/houssem/projet/salman/build/CMakeFiles/CMakeTmp »
Makefile:121 : la recette pour la cible « cmTC_15fcc/fast » a échouée
make: *** [cmTC_15fcc/fast] Erreur 2


